Connecting to database specified by database.yml


Started GET "/assets/rails.png" for 127.0.0.1 at 2013-06-24 22:18:01 -0400
Served asset /rails.png - 304 Not Modified (4ms)


Started GET "/statuses" for 127.0.0.1 at 2013-06-24 22:18:08 -0400
Processing by StatusesController#index as HTML
Completed 500 Internal Server Error in 106ms

ActiveRecord::StatementInvalid (Could not find table 'statuses'):
  app/controllers/statuses_controller.rb:5:in `index'


  Rendered /usr/local/rvm/gems/ruby-1.9.3-p392/gems/actionpack-3.2.13/lib/action_dispatch/middleware/templates/rescues/_trace.erb (1.1ms)
  Rendered /usr/local/rvm/gems/ruby-1.9.3-p392/gems/actionpack-3.2.13/lib/action_dispatch/middleware/templates/rescues/_request_and_response.erb (0.7ms)
  Rendered /usr/local/rvm/gems/ruby-1.9.3-p392/gems/actionpack-3.2.13/lib/action_dispatch/middleware/templates/rescues/diagnostics.erb within rescues/layout (25.6ms)
Connecting to database specified by database.yml
Connecting to database specified by database.yml
  [1m[36m (0.6ms)[0m  [1mselect sqlite_version(*)[0m
  [1m[35m (13.4ms)[0m  CREATE TABLE "schema_migrations" ("version" varchar(255) NOT NULL) 
  [1m[36m (13.2ms)[0m  [1mCREATE UNIQUE INDEX "unique_schema_migrations" ON "schema_migrations" ("version")[0m
  [1m[35m (12.6ms)[0m  SELECT "schema_migrations"."version" FROM "schema_migrations" 
Migrating to CreateStatuses (20130621004347)
  [1m[36m (0.0ms)[0m  [1mbegin transaction[0m
  [1m[35m (0.5ms)[0m  CREATE TABLE "statuses" ("id" INTEGER PRIMARY KEY AUTOINCREMENT NOT NULL, "name" varchar(255), "content" text, "created_at" datetime NOT NULL, "updated_at" datetime NOT NULL) 
  [1m[36m (0.1ms)[0m  [1mINSERT INTO "schema_migrations" ("version") VALUES ('20130621004347')[0m
  [1m[35m (0.9ms)[0m  commit transaction
  [1m[36m (0.1ms)[0m  [1mSELECT "schema_migrations"."version" FROM "schema_migrations" [0m
Connecting to database specified by database.yml


Started GET "/statuses" for 127.0.0.1 at 2013-06-24 22:22:09 -0400
Processing by StatusesController#index as HTML
  [1m[36mStatus Load (0.1ms)[0m  [1mSELECT "statuses".* FROM "statuses" [0m
  Rendered statuses/index.html.erb within layouts/application (2.5ms)
Compiled scaffolds.css  (34ms)  (pid 11238)
Compiled statuses.css  (1ms)  (pid 11238)
Compiled application.css  (48ms)  (pid 11238)
Compiled jquery.js  (18ms)  (pid 11238)
Compiled jquery_ujs.js  (0ms)  (pid 11238)
Compiled statuses.js  (261ms)  (pid 11238)
Compiled application.js  (342ms)  (pid 11238)
Completed 200 OK in 505ms (Views: 475.2ms | ActiveRecord: 1.9ms)


Started GET "/assets/application.css?body=1" for 127.0.0.1 at 2013-06-24 22:22:09 -0400
Served asset /application.css - 304 Not Modified (4ms)


Started GET "/assets/scaffolds.css?body=1" for 127.0.0.1 at 2013-06-24 22:22:10 -0400
Served asset /scaffolds.css - 304 Not Modified (1ms)


Started GET "/assets/statuses.css?body=1" for 127.0.0.1 at 2013-06-24 22:22:10 -0400
Served asset /statuses.css - 304 Not Modified (1ms)


Started GET "/assets/jquery.js?body=1" for 127.0.0.1 at 2013-06-24 22:22:10 -0400
Served asset /jquery.js - 304 Not Modified (17ms)


Started GET "/assets/jquery_ujs.js?body=1" for 127.0.0.1 at 2013-06-24 22:22:10 -0400
Served asset /jquery_ujs.js - 304 Not Modified (1ms)


Started GET "/assets/statuses.js?body=1" for 127.0.0.1 at 2013-06-24 22:22:10 -0400
Served asset /statuses.js - 304 Not Modified (1ms)


Started GET "/assets/application.js?body=1" for 127.0.0.1 at 2013-06-24 22:22:10 -0400
Served asset /application.js - 304 Not Modified (3ms)


Started GET "/statuses/new" for 127.0.0.1 at 2013-06-24 22:22:13 -0400
Processing by StatusesController#new as HTML
  Rendered statuses/_form.html.erb (32.5ms)
  Rendered statuses/new.html.erb within layouts/application (68.1ms)
Completed 200 OK in 82ms (Views: 77.8ms | ActiveRecord: 0.0ms)


Started GET "/assets/application.css?body=1" for 127.0.0.1 at 2013-06-24 22:22:13 -0400
Served asset /application.css - 304 Not Modified (0ms)


Started GET "/assets/scaffolds.css?body=1" for 127.0.0.1 at 2013-06-24 22:22:13 -0400
Served asset /scaffolds.css - 304 Not Modified (0ms)


Started GET "/assets/statuses.css?body=1" for 127.0.0.1 at 2013-06-24 22:22:13 -0400
Served asset /statuses.css - 304 Not Modified (0ms)


Started GET "/assets/jquery.js?body=1" for 127.0.0.1 at 2013-06-24 22:22:13 -0400
Served asset /jquery.js - 304 Not Modified (0ms)


Started GET "/assets/statuses.js?body=1" for 127.0.0.1 at 2013-06-24 22:22:13 -0400
Served asset /statuses.js - 304 Not Modified (0ms)


Started GET "/assets/jquery_ujs.js?body=1" for 127.0.0.1 at 2013-06-24 22:22:13 -0400
Served asset /jquery_ujs.js - 304 Not Modified (0ms)


Started GET "/assets/application.js?body=1" for 127.0.0.1 at 2013-06-24 22:22:13 -0400
Served asset /application.js - 304 Not Modified (0ms)


Started POST "/statuses" for 127.0.0.1 at 2013-06-24 22:22:21 -0400
Processing by StatusesController#create as HTML
  Parameters: {"utf8"=>"✓", "authenticity_token"=>"XWfjfdYEcXrmWhAq5Ewml2UKBg687ww8g6V5WEL+9Rk=", "status"=>{"name"=>"Lewis Ritz", "content"=>"This is a test"}, "commit"=>"Create Status"}
  [1m[35m (0.1ms)[0m  begin transaction
  [1m[36mSQL (40.8ms)[0m  [1mINSERT INTO "statuses" ("content", "created_at", "name", "updated_at") VALUES (?, ?, ?, ?)[0m  [["content", "This is a test"], ["created_at", Tue, 25 Jun 2013 02:22:21 UTC +00:00], ["name", "Lewis Ritz"], ["updated_at", Tue, 25 Jun 2013 02:22:21 UTC +00:00]]
  [1m[35m (1.1ms)[0m  commit transaction
Redirected to http://0.0.0.0:3000/statuses/1
Completed 302 Found in 46ms (ActiveRecord: 42.1ms)


Started GET "/statuses/1" for 127.0.0.1 at 2013-06-24 22:22:22 -0400
Processing by StatusesController#show as HTML
  Parameters: {"id"=>"1"}
  [1m[36mStatus Load (0.2ms)[0m  [1mSELECT "statuses".* FROM "statuses" WHERE "statuses"."id" = ? LIMIT 1[0m  [["id", "1"]]
  Rendered statuses/show.html.erb within layouts/application (0.9ms)
Completed 200 OK in 13ms (Views: 11.1ms | ActiveRecord: 0.2ms)


Started GET "/assets/application.css?body=1" for 127.0.0.1 at 2013-06-24 22:22:22 -0400
Served asset /application.css - 304 Not Modified (0ms)


Started GET "/assets/jquery.js?body=1" for 127.0.0.1 at 2013-06-24 22:22:22 -0400
Served asset /jquery.js - 304 Not Modified (0ms)


Started GET "/assets/statuses.css?body=1" for 127.0.0.1 at 2013-06-24 22:22:22 -0400
Served asset /statuses.css - 304 Not Modified (0ms)


Started GET "/assets/scaffolds.css?body=1" for 127.0.0.1 at 2013-06-24 22:22:22 -0400
Served asset /scaffolds.css - 304 Not Modified (0ms)


Started GET "/assets/jquery_ujs.js?body=1" for 127.0.0.1 at 2013-06-24 22:22:22 -0400
Served asset /jquery_ujs.js - 304 Not Modified (0ms)


Started GET "/assets/statuses.js?body=1" for 127.0.0.1 at 2013-06-24 22:22:22 -0400
Served asset /statuses.js - 304 Not Modified (0ms)


Started GET "/assets/application.js?body=1" for 127.0.0.1 at 2013-06-24 22:22:22 -0400
Served asset /application.js - 304 Not Modified (0ms)
